<?xml version="1.0" encoding="UTF-8"?>
<testng-results skipped="0" failed="0" total="1" passed="1">
  <reporter-output>
  </reporter-output>
  <suite name="Default suite" duration-ms="15117" started-at="2023-07-15T18:35:11Z" finished-at="2023-07-15T18:35:27Z">
    <groups>
    </groups>
    <test name="Default test" duration-ms="15117" started-at="2023-07-15T18:35:11Z" finished-at="2023-07-15T18:35:27Z">
      <class name="test.AddCustomerTest">
        <test-method status="PASS" signature="userShouldBeAbleToAddCustomer()[pri:0, instance:test.AddCustomerTest@3fc2959f]" name="userShouldBeAbleToAddCustomer" duration-ms="15111" started-at="2023-07-15T13:35:11Z" finished-at="2023-07-15T13:35:27Z">
          <reporter-output>
          </reporter-output>
        </test-method> <!-- userShouldBeAbleToAddCustomer -->
      </class> <!-- test.AddCustomerTest -->
    </test> <!-- Default test -->
  </suite> <!-- Default suite -->
</testng-results>
